d:\1_project\z_project\duilib_project\temp\gamebox\debug\gamebox_d.pch
d:\1_project\z_project\duilib_project\temp\gamebox\debug\vc141.pdb
d:\1_project\z_project\duilib_project\temp\gamebox\debug\stdafx.obj
d:\1_project\z_project\duilib_project\temp\gamebox\debug\gameitemui.obj
d:\1_project\z_project\duilib_project\temp\gamebox\debug\gamebox.obj
d:\1_project\z_project\duilib_project\temp\gamebox\debug\drawinginterfaceclass.obj
d:\1_project\z_project\duilib_project\temp\gamebox\debug\decodedll.obj
d:\1_project\z_project\duilib_project\temp\gamebox\debug\cpopselectlevel1.obj
d:\1_project\z_project\duilib_project\temp\gamebox\debug\cpopselectequipment.obj
d:\1_project\z_project\duilib_project\temp\gamebox\debug\cpopnewconstellation.obj
d:\1_project\z_project\duilib_project\temp\gamebox\debug\cpopnewattributeclass.obj
d:\1_project\z_project\duilib_project\temp\gamebox\debug\cpopnetworkmanage.obj
d:\1_project\z_project\duilib_project\temp\gamebox\debug\cpopmodifyinterface.obj
d:\1_project\z_project\duilib_project\temp\gamebox\debug\cpoplinkmanage.obj
d:\1_project\z_project\duilib_project\temp\gamebox\debug\cpopeditorialclass.obj
d:\1_project\z_project\duilib_project\temp\gamebox\debug\cpopdeleteattclass.obj
d:\1_project\z_project\duilib_project\temp\gamebox\debug\cpopdatamanage.obj
d:\1_project\z_project\duilib_project\temp\gamebox\debug\controlex1.obj
d:\1_project\z_project\duilib_project\temp\gamebox\debug\controlex.obj
d:\1_project\z_project\duilib_project\temp\gamebox\debug\connectmysql.obj
d:\1_project\z_project\duilib_project\temp\gamebox\debug\cluescreenclass.obj
d:\1_project\z_project\duilib_project\temp\gamebox\debug\callfmuclass.obj
d:\1_project\z_project\duilib_project\temp\gamebox\debug\addtest.obj
d:\1_project\z_project\duilib_project\temp\gamebox\debug\tinyxmlparser.obj
d:\1_project\z_project\duilib_project\temp\gamebox\debug\tinyxmlerror.obj
d:\1_project\z_project\duilib_project\temp\gamebox\debug\tinyxml.obj
d:\1_project\z_project\duilib_project\temp\gamebox\debug\tinystr.obj
d:\1_project\z_project\duilib_project\temp\gamebox\debug\splashwnd.obj
d:\1_project\z_project\duilib_project\temp\gamebox\debug\shortcutui.obj
d:\1_project\z_project\duilib_project\temp\gamebox\debug\popwnds.obj
d:\1_project\z_project\duilib_project\temp\gamebox\debug\popwnd.obj
d:\1_project\z_project\duilib_project\temp\gamebox\debug\helper.obj
d:\1_project\z_project\duilib_project\lib\gamebox_d.lib
d:\1_project\z_project\duilib_project\lib\gamebox_d.exp
d:\1_project\z_project\duilib_project\bin64\gamebox_d.exe
d:\1_project\z_project\duilib_project\bin64\gamebox_d.map
d:\1_project\z_project\duilib_project\bin64\gamebox_d.pdb
d:\1_project\z_project\duilib_project\temp\gamebox\debug\gamebox.res
d:\1_project\z_project\duilib_project\temp\gamebox\debug\gamebox.tlog\cl.command.1.tlog
d:\1_project\z_project\duilib_project\temp\gamebox\debug\gamebox.tlog\cl.read.1.tlog
d:\1_project\z_project\duilib_project\temp\gamebox\debug\gamebox.tlog\cl.write.1.tlog
d:\1_project\z_project\duilib_project\temp\gamebox\debug\gamebox.tlog\gamebox.write.1u.tlog
d:\1_project\z_project\duilib_project\temp\gamebox\debug\gamebox.tlog\link.command.1.tlog
d:\1_project\z_project\duilib_project\temp\gamebox\debug\gamebox.tlog\link.read.1.tlog
d:\1_project\z_project\duilib_project\temp\gamebox\debug\gamebox.tlog\link.write.1.tlog
d:\1_project\z_project\duilib_project\temp\gamebox\debug\gamebox.tlog\rc.command.1.tlog
d:\1_project\z_project\duilib_project\temp\gamebox\debug\gamebox.tlog\rc.read.1.tlog
d:\1_project\z_project\duilib_project\temp\gamebox\debug\gamebox.tlog\rc.write.1.tlog
