d:\0_twodimensional\添加参数管理交互_14_21\temp\gamebox\debug\gamebox_d64.pch
d:\0_twodimensional\添加参数管理交互_14_21\temp\gamebox\debug\vc141.pdb
d:\0_twodimensional\添加参数管理交互_14_21\temp\gamebox\debug\stdafx.obj
d:\0_twodimensional\添加参数管理交互_14_21\temp\gamebox\debug\popwnd.obj
d:\0_twodimensional\添加参数管理交互_14_21\temp\gamebox\debug\helper.obj
d:\0_twodimensional\添加参数管理交互_14_21\temp\gamebox\debug\gameitemui.obj
d:\0_twodimensional\添加参数管理交互_14_21\temp\gamebox\debug\gamebox.obj
d:\0_twodimensional\添加参数管理交互_14_21\temp\gamebox\debug\drawinginterfaceclass.obj
d:\0_twodimensional\添加参数管理交互_14_21\temp\gamebox\debug\decodedll.obj
d:\0_twodimensional\添加参数管理交互_14_21\temp\gamebox\debug\cpopselectlevel1.obj
d:\0_twodimensional\添加参数管理交互_14_21\temp\gamebox\debug\cpopselectequipment.obj
d:\0_twodimensional\添加参数管理交互_14_21\temp\gamebox\debug\cpopnewconstellation.obj
d:\0_twodimensional\添加参数管理交互_14_21\temp\gamebox\debug\cpopnewattributeclass.obj
d:\0_twodimensional\添加参数管理交互_14_21\temp\gamebox\debug\cpopnetworkmanage.obj
d:\0_twodimensional\添加参数管理交互_14_21\temp\gamebox\debug\cpopmodifyinterface.obj
d:\0_twodimensional\添加参数管理交互_14_21\temp\gamebox\debug\cpoplinkmanage.obj
d:\0_twodimensional\添加参数管理交互_14_21\temp\gamebox\debug\cpopeditorialclass.obj
d:\0_twodimensional\添加参数管理交互_14_21\temp\gamebox\debug\cpopdeleteattclass.obj
d:\0_twodimensional\添加参数管理交互_14_21\temp\gamebox\debug\controlex1.obj
d:\0_twodimensional\添加参数管理交互_14_21\temp\gamebox\debug\controlex.obj
d:\0_twodimensional\添加参数管理交互_14_21\temp\gamebox\debug\cluescreenclass.obj
d:\0_twodimensional\添加参数管理交互_14_21\temp\gamebox\debug\addtest.obj
d:\0_twodimensional\添加参数管理交互_14_21\temp\gamebox\debug\tinyxmlparser.obj
d:\0_twodimensional\添加参数管理交互_14_21\temp\gamebox\debug\tinyxmlerror.obj
d:\0_twodimensional\添加参数管理交互_14_21\temp\gamebox\debug\tinyxml.obj
d:\0_twodimensional\添加参数管理交互_14_21\temp\gamebox\debug\tinystr.obj
d:\0_twodimensional\添加参数管理交互_14_21\temp\gamebox\debug\splashwnd.obj
d:\0_twodimensional\添加参数管理交互_14_21\temp\gamebox\debug\shortcutui.obj
d:\0_twodimensional\添加参数管理交互_14_21\temp\gamebox\debug\popwnds.obj
d:\0_twodimensional\添加参数管理交互_14_21\temp\gamebox\debug\gamebox.tlog\cl.command.1.tlog
d:\0_twodimensional\添加参数管理交互_14_21\temp\gamebox\debug\gamebox.tlog\cl.read.1.tlog
d:\0_twodimensional\添加参数管理交互_14_21\temp\gamebox\debug\gamebox.tlog\cl.write.1.tlog
