  StdAfx.cpp
d:\0_twodimensional\documentfiltering_20\duilib\core\uimanager.h(55): warning C4091: “typedef ”: 没有声明变量时忽略“DuiLib::EVENTTYPE_UI”的左侧
d:\0_twodimensional\documentfiltering_20\duilib\core\uimanager.h(67): warning C4091: “typedef ”: 没有声明变量时忽略“DuiLib::MSGTYPE_UI”的左侧
  AddTest.cpp
d:\0_twodimensional\documentfiltering_20\gamebox\util\utiltool.h(14): fatal error C1083: 无法打开包括文件: “tinyxml.h”: No such file or directory
  ClueScreenClass.cpp
d:\0_twodimensional\documentfiltering_20\gamebox\cluescreenclass.h(6): fatal error C1083: 无法打开包括文件: “UtilTool.h”: No such file or directory
  ConnectMysql.cpp
d:\0_twodimensional\documentfiltering_20\gamebox\connectmysql.h(2): fatal error C1083: 无法打开包括文件: “mysql.h”: No such file or directory
  ControlEx.cpp
  ControlEx1.cpp
d:\0_twodimensional\documentfiltering_20\gamebox\controlex1.h(34): warning C4244: “参数”: 从“int”转换到“Gdiplus::REAL”，可能丢失数据
d:\0_twodimensional\documentfiltering_20\gamebox\controlex1.h(143): warning C4244: “参数”: 从“int”转换到“Gdiplus::REAL”，可能丢失数据
  CPopDataManage.cpp
d:\0_twodimensional\documentfiltering_20\gamebox\connectmysql.h(2): fatal error C1083: 无法打开包括文件: “mysql.h”: No such file or directory
  CPopEditorialClass.cpp
d:\0_twodimensional\documentfiltering_20\gamebox\cpopeditorialclass.h(5): fatal error C1083: 无法打开包括文件: “UtilTool.h”: No such file or directory
  CPopLinkManage.cpp
d:\0_twodimensional\documentfiltering_20\gamebox\structural.h(171): warning C4081: 应输入“newline”；找到“;”
d:\0_twodimensional\documentfiltering_20\gamebox\udprecvclass.h(110): warning C4996: 'inet_addr': Use inet_pton() or InetPton() instead or define _WINSOCK_DEPRECATED_NO_WARNINGS to disable deprecated API warnings
  c:\program files (x86)\windows kits\10\include\10.0.20348.0\um\winsock2.h(1834): note: 参见“inet_addr”的声明
d:\0_twodimensional\documentfiltering_20\gamebox\udprecvclass.h(250): warning C4996: 'inet_addr': Use inet_pton() or InetPton() instead or define _WINSOCK_DEPRECATED_NO_WARNINGS to disable deprecated API warnings
  c:\program files (x86)\windows kits\10\include\10.0.20348.0\um\winsock2.h(1834): note: 参见“inet_addr”的声明
d:\0_twodimensional\documentfiltering_20\gamebox\cpoplinkmanage.h(8): fatal error C1083: 无法打开包括文件: “UtilTool.h”: No such file or directory
  CPopNetworkManage.cpp
d:\0_twodimensional\documentfiltering_20\gamebox\cpopnetworkmanage.h(5): fatal error C1083: 无法打开包括文件: “UtilTool.h”: No such file or directory
  DecodeDll.cpp
d:\0_twodimensional\documentfiltering_20\gamebox\decodedll\xlsentity.h(4): fatal error C1083: 无法打开包括文件: “libxl.h”: No such file or directory
  GameBox.cpp
d:\0_twodimensional\documentfiltering_20\gamebox\controlex1.h(34): warning C4244: “参数”: 从“int”转换到“Gdiplus::REAL”，可能丢失数据
d:\0_twodimensional\documentfiltering_20\gamebox\controlex1.h(143): warning C4244: “参数”: 从“int”转换到“Gdiplus::REAL”，可能丢失数据
d:\0_twodimensional\documentfiltering_20\gamebox\splashwnd.h(2): fatal error C1083: 无法打开包括文件: “Chart.h”: No such file or directory
  GameItemUI.cpp
d:\0_twodimensional\documentfiltering_20\gamebox\gameitemui.cpp(25): warning C4302: “类型强制转换”: 从“LPWSTR”到“WORD”截断
  Helper.cpp
  Csqlpool.cpp
d:\0_twodimensional\documentfiltering_20\gamebox\mysql\csqlpool.cpp(1): warning C4819: 该文件包含不能在当前代码页(936)中表示的字符。请将该文件保存为 Unicode 格式以防止数据丢失
d:\0_twodimensional\documentfiltering_20\gamebox\mysql\csqlpool.h : warning C4819: 该文件包含不能在当前代码页(936)中表示的字符。请将该文件保存为 Unicode 格式以防止数据丢失
d:\0_twodimensional\documentfiltering_20\gamebox\mysql\csqlpool.h(3): fatal error C1083: 无法打开包括文件: “mysql.h”: No such file or directory
  PopWnd.cpp
d:\0_twodimensional\documentfiltering_20\gamebox\popwnd.h(3): fatal error C1083: 无法打开包括文件: “UtilTool.h”: No such file or directory
  PopWnds.cpp
d:\0_twodimensional\documentfiltering_20\gamebox\popwnds.h(3): fatal error C1083: 无法打开包括文件: “UtilTool.h”: No such file or directory
  ShortCutUI.cpp
  SplashWnd.cpp
d:\0_twodimensional\documentfiltering_20\gamebox\splashwnd.h(2): fatal error C1083: 无法打开包括文件: “Chart.h”: No such file or directory
  tinystr.cpp
  tinyxml.cpp
  正在生成代码...
  正在编译...
  tinyxmlerror.cpp
  tinyxmlparser.cpp
  正在生成代码...
